Build started 12/22/2014 5:38:09 PM.
     1>Project "C:\Users\Auron\Documents\Visual Studio 2012\Projects\Wookong_Serial_Control\Wookong_Serial_Control\Wookong_Serial_Control.vcxproj" on node 2 (Build target(s)).
     1>ClCompile:
         C:\Program Files (x86)\Microsoft Visual Studio 11.0\VC\bin\CL.exe /c /ZI /nologo /W3 /WX- /Od /Oy- /D WIN32 /D _DEBUG /D _CONSOLE /D _UNICODE /D UNICODE /Gm /EHsc /RTC1 /MDd /GS /fp:precise /Zc:wchar_t /Zc:forScope /Fo"Debug\\" /Fd"Debug\vc110.pdb" /Gd /TP /analyze- /errorReport:prompt main.cpp
         main.cpp
     1>c:\users\auron\documents\visual studio 2012\projects\wookong_serial_control\wookong_serial_control\main.cpp(430): warning C4800: 'BOOL' : forcing value to bool 'true' or 'false' (performance warning)
     1>c:\users\auron\documents\visual studio 2012\projects\wookong_serial_control\wookong_serial_control\main.cpp(450): warning C4800: 'BOOL' : forcing value to bool 'true' or 'false' (performance warning)
     1>c:\users\auron\documents\visual studio 2012\projects\wookong_serial_control\wookong_serial_control\main.cpp(459): warning C4800: 'BOOL' : forcing value to bool 'true' or 'false' (performance warning)
     1>c:\users\auron\documents\visual studio 2012\projects\wookong_serial_control\wookong_serial_control\main.cpp(467): warning C4800: 'BOOL' : forcing value to bool 'true' or 'false' (performance warning)
     1>c:\users\auron\documents\visual studio 2012\projects\wookong_serial_control\wookong_serial_control\main.cpp(480): warning C4800: 'BOOL' : forcing value to bool 'true' or 'false' (performance warning)
     1>c:\users\auron\documents\visual studio 2012\projects\wookong_serial_control\wookong_serial_control\main.cpp(529): warning C4800: 'BOOL' : forcing value to bool 'true' or 'false' (performance warning)
     1>c:\users\auron\documents\visual studio 2012\projects\wookong_serial_control\wookong_serial_control\main.cpp(598): warning C4018: '<' : signed/unsigned mismatch
     1>c:\users\auron\documents\visual studio 2012\projects\wookong_serial_control\wookong_serial_control\main.cpp(612): warning C4244: '=' : conversion from 'double' to 'float', possible loss of data
     1>c:\users\auron\documents\visual studio 2012\projects\wookong_serial_control\wookong_serial_control\main.cpp(613): warning C4244: '=' : conversion from 'double' to 'float', possible loss of data
     1>c:\users\auron\documents\visual studio 2012\projects\wookong_serial_control\wookong_serial_control\main.cpp(614): warning C4244: 'argument' : conversion from 'float' to 'int', possible loss of data
     1>c:\users\auron\documents\visual studio 2012\projects\wookong_serial_control\wookong_serial_control\main.cpp(615): warning C4244: 'argument' : conversion from 'float' to 'int', possible loss of data
     1>c:\users\auron\documents\visual studio 2012\projects\wookong_serial_control\wookong_serial_control\main.cpp(635): warning C4018: '<' : signed/unsigned mismatch
     1>c:\users\auron\documents\visual studio 2012\projects\wookong_serial_control\wookong_serial_control\main.cpp(649): warning C4244: '=' : conversion from 'double' to 'float', possible loss of data
     1>c:\users\auron\documents\visual studio 2012\projects\wookong_serial_control\wookong_serial_control\main.cpp(650): warning C4244: '=' : conversion from 'double' to 'float', possible loss of data
     1>c:\users\auron\documents\visual studio 2012\projects\wookong_serial_control\wookong_serial_control\main.cpp(651): warning C4244: 'argument' : conversion from 'float' to 'int', possible loss of data
     1>c:\users\auron\documents\visual studio 2012\projects\wookong_serial_control\wookong_serial_control\main.cpp(652): warning C4244: 'argument' : conversion from 'float' to 'int', possible loss of data
       Link:
         C:\Program Files (x86)\Microsoft Visual Studio 11.0\VC\bin\link.exe /ERRORREPORT:PROMPT /OUT:"C:\Users\Auron\Documents\Visual Studio 2012\Projects\Wookong_Serial_Control\Debug\Wookong_Serial_Control.exe" /INCREMENTAL /NOLOGO opencv_core249d.lib opencv_features2d249d.lib opencv_highgui249d.lib opencv_imgproc249d.lib opencv_objdetect249d.lib opencv_video249d.lib kernel32.lib user32.lib gdi32.lib winspool.lib comdlg32.lib advapi32.lib shell32.lib ole32.lib oleaut32.lib uuid.lib odbc32.lib odbccp32.lib /MANIFEST /MANIFESTUAC:"level='asInvoker' uiAccess='false'" /manifest:embed /DEBUG /PDB:"C:\Users\Auron\Documents\Visual Studio 2012\Projects\Wookong_Serial_Control\Debug\Wookong_Serial_Control.pdb" /SUBSYSTEM:CONSOLE /TLBID:1 /DYNAMICBASE /NXCOMPAT /IMPLIB:"C:\Users\Auron\Documents\Visual Studio 2012\Projects\Wookong_Serial_Control\Debug\Wookong_Serial_Control.lib" /MACHINE:X86 Debug\main.obj
         Wookong_Serial_Control.vcxproj -> C:\Users\Auron\Documents\Visual Studio 2012\Projects\Wookong_Serial_Control\Debug\Wookong_Serial_Control.exe
     1>Done Building Project "C:\Users\Auron\Documents\Visual Studio 2012\Projects\Wookong_Serial_Control\Wookong_Serial_Control\Wookong_Serial_Control.vcxproj" (Build target(s)).

Build succeeded.

Time Elapsed 00:00:03.80
