C:\USERS\AURON\DOCUMENTS\VISUAL STUDIO 2012\PROJECTS\WOOKONG_SERIAL_CONTROL\WOOKONG_SERIAL_CONTROL\DEBUG\MAIN.OBJ
C:\USERS\AURON\DOCUMENTS\VISUAL STUDIO 2012\PROJECTS\WOOKONG_SERIAL_CONTROL\WOOKONG_SERIAL_CONTROL\DEBUG\VC110.PDB
C:\USERS\AURON\DOCUMENTS\VISUAL STUDIO 2012\PROJECTS\WOOKONG_SERIAL_CONTROL\DEBUG\WOOKONG_SERIAL_CONTROL.ILK
C:\USERS\AURON\DOCUMENTS\VISUAL STUDIO 2012\PROJECTS\WOOKONG_SERIAL_CONTROL\DEBUG\WOOKONG_SERIAL_CONTROL.EXE
C:\USERS\AURON\DOCUMENTS\VISUAL STUDIO 2012\PROJECTS\WOOKONG_SERIAL_CONTROL\DEBUG\WOOKONG_SERIAL_CONTROL.PDB
C:\Users\Auron\Documents\Visual Studio 2012\Projects\Wookong_Serial_Control\Wookong_Serial_Control\Debug\main.obj
C:\Users\Auron\Documents\Visual Studio 2012\Projects\Wookong_Serial_Control\Wookong_Serial_Control\Debug\cl.command.1.tlog
C:\Users\Auron\Documents\Visual Studio 2012\Projects\Wookong_Serial_Control\Wookong_Serial_Control\Debug\CL.read.1.tlog
C:\Users\Auron\Documents\Visual Studio 2012\Projects\Wookong_Serial_Control\Wookong_Serial_Control\Debug\CL.write.1.tlog
C:\Users\Auron\Documents\Visual Studio 2012\Projects\Wookong_Serial_Control\Wookong_Serial_Control\Debug\link-cvtres.read.1.tlog
C:\Users\Auron\Documents\Visual Studio 2012\Projects\Wookong_Serial_Control\Wookong_Serial_Control\Debug\link-cvtres.write.1.tlog
C:\Users\Auron\Documents\Visual Studio 2012\Projects\Wookong_Serial_Control\Wookong_Serial_Control\Debug\link-rc.read.1.tlog
C:\Users\Auron\Documents\Visual Studio 2012\Projects\Wookong_Serial_Control\Wookong_Serial_Control\Debug\link-rc.write.1.tlog
C:\Users\Auron\Documents\Visual Studio 2012\Projects\Wookong_Serial_Control\Wookong_Serial_Control\Debug\link.1856-cvtres.read.1.tlog
C:\Users\Auron\Documents\Visual Studio 2012\Projects\Wookong_Serial_Control\Wookong_Serial_Control\Debug\link.1856-cvtres.write.1.tlog
C:\Users\Auron\Documents\Visual Studio 2012\Projects\Wookong_Serial_Control\Wookong_Serial_Control\Debug\link.1856-rc.read.1.tlog
C:\Users\Auron\Documents\Visual Studio 2012\Projects\Wookong_Serial_Control\Wookong_Serial_Control\Debug\link.1856-rc.write.1.tlog
C:\Users\Auron\Documents\Visual Studio 2012\Projects\Wookong_Serial_Control\Wookong_Serial_Control\Debug\link.1856.read.1.tlog
C:\Users\Auron\Documents\Visual Studio 2012\Projects\Wookong_Serial_Control\Wookong_Serial_Control\Debug\link.1856.write.1.tlog
C:\Users\Auron\Documents\Visual Studio 2012\Projects\Wookong_Serial_Control\Wookong_Serial_Control\Debug\link.2436-cvtres.read.1.tlog
C:\Users\Auron\Documents\Visual Studio 2012\Projects\Wookong_Serial_Control\Wookong_Serial_Control\Debug\link.2436-cvtres.write.1.tlog
C:\Users\Auron\Documents\Visual Studio 2012\Projects\Wookong_Serial_Control\Wookong_Serial_Control\Debug\link.2436-rc.read.1.tlog
C:\Users\Auron\Documents\Visual Studio 2012\Projects\Wookong_Serial_Control\Wookong_Serial_Control\Debug\link.2436-rc.write.1.tlog
C:\Users\Auron\Documents\Visual Studio 2012\Projects\Wookong_Serial_Control\Wookong_Serial_Control\Debug\link.2436.read.1.tlog
C:\Users\Auron\Documents\Visual Studio 2012\Projects\Wookong_Serial_Control\Wookong_Serial_Control\Debug\link.2436.write.1.tlog
C:\Users\Auron\Documents\Visual Studio 2012\Projects\Wookong_Serial_Control\Wookong_Serial_Control\Debug\link.2844-cvtres.read.1.tlog
C:\Users\Auron\Documents\Visual Studio 2012\Projects\Wookong_Serial_Control\Wookong_Serial_Control\Debug\link.2844-cvtres.write.1.tlog
C:\Users\Auron\Documents\Visual Studio 2012\Projects\Wookong_Serial_Control\Wookong_Serial_Control\Debug\link.2844-rc.read.1.tlog
C:\Users\Auron\Documents\Visual Studio 2012\Projects\Wookong_Serial_Control\Wookong_Serial_Control\Debug\link.2844-rc.write.1.tlog
C:\Users\Auron\Documents\Visual Studio 2012\Projects\Wookong_Serial_Control\Wookong_Serial_Control\Debug\link.2844.read.1.tlog
C:\Users\Auron\Documents\Visual Studio 2012\Projects\Wookong_Serial_Control\Wookong_Serial_Control\Debug\link.2844.write.1.tlog
C:\Users\Auron\Documents\Visual Studio 2012\Projects\Wookong_Serial_Control\Wookong_Serial_Control\Debug\link.3292-cvtres.read.1.tlog
C:\Users\Auron\Documents\Visual Studio 2012\Projects\Wookong_Serial_Control\Wookong_Serial_Control\Debug\link.3292-cvtres.write.1.tlog
C:\Users\Auron\Documents\Visual Studio 2012\Projects\Wookong_Serial_Control\Wookong_Serial_Control\Debug\link.3292-rc.read.1.tlog
C:\Users\Auron\Documents\Visual Studio 2012\Projects\Wookong_Serial_Control\Wookong_Serial_Control\Debug\link.3292-rc.write.1.tlog
C:\Users\Auron\Documents\Visual Studio 2012\Projects\Wookong_Serial_Control\Wookong_Serial_Control\Debug\link.3292.read.1.tlog
C:\Users\Auron\Documents\Visual Studio 2012\Projects\Wookong_Serial_Control\Wookong_Serial_Control\Debug\link.3292.write.1.tlog
C:\Users\Auron\Documents\Visual Studio 2012\Projects\Wookong_Serial_Control\Wookong_Serial_Control\Debug\link.4808-cvtres.read.1.tlog
C:\Users\Auron\Documents\Visual Studio 2012\Projects\Wookong_Serial_Control\Wookong_Serial_Control\Debug\link.4808-cvtres.write.1.tlog
C:\Users\Auron\Documents\Visual Studio 2012\Projects\Wookong_Serial_Control\Wookong_Serial_Control\Debug\link.4808-rc.read.1.tlog
C:\Users\Auron\Documents\Visual Studio 2012\Projects\Wookong_Serial_Control\Wookong_Serial_Control\Debug\link.4808-rc.write.1.tlog
C:\Users\Auron\Documents\Visual Studio 2012\Projects\Wookong_Serial_Control\Wookong_Serial_Control\Debug\link.4808.read.1.tlog
C:\Users\Auron\Documents\Visual Studio 2012\Projects\Wookong_Serial_Control\Wookong_Serial_Control\Debug\link.4808.write.1.tlog
C:\Users\Auron\Documents\Visual Studio 2012\Projects\Wookong_Serial_Control\Wookong_Serial_Control\Debug\link.5908-cvtres.read.1.tlog
C:\Users\Auron\Documents\Visual Studio 2012\Projects\Wookong_Serial_Control\Wookong_Serial_Control\Debug\link.5908-cvtres.write.1.tlog
C:\Users\Auron\Documents\Visual Studio 2012\Projects\Wookong_Serial_Control\Wookong_Serial_Control\Debug\link.5908-rc.read.1.tlog
C:\Users\Auron\Documents\Visual Studio 2012\Projects\Wookong_Serial_Control\Wookong_Serial_Control\Debug\link.5908-rc.write.1.tlog
C:\Users\Auron\Documents\Visual Studio 2012\Projects\Wookong_Serial_Control\Wookong_Serial_Control\Debug\link.5908.read.1.tlog
C:\Users\Auron\Documents\Visual Studio 2012\Projects\Wookong_Serial_Control\Wookong_Serial_Control\Debug\link.5908.write.1.tlog
C:\Users\Auron\Documents\Visual Studio 2012\Projects\Wookong_Serial_Control\Wookong_Serial_Control\Debug\link.5932-cvtres.read.1.tlog
C:\Users\Auron\Documents\Visual Studio 2012\Projects\Wookong_Serial_Control\Wookong_Serial_Control\Debug\link.5932-cvtres.write.1.tlog
C:\Users\Auron\Documents\Visual Studio 2012\Projects\Wookong_Serial_Control\Wookong_Serial_Control\Debug\link.5932-rc.read.1.tlog
C:\Users\Auron\Documents\Visual Studio 2012\Projects\Wookong_Serial_Control\Wookong_Serial_Control\Debug\link.5932-rc.write.1.tlog
C:\Users\Auron\Documents\Visual Studio 2012\Projects\Wookong_Serial_Control\Wookong_Serial_Control\Debug\link.5932.read.1.tlog
C:\Users\Auron\Documents\Visual Studio 2012\Projects\Wookong_Serial_Control\Wookong_Serial_Control\Debug\link.5932.write.1.tlog
C:\Users\Auron\Documents\Visual Studio 2012\Projects\Wookong_Serial_Control\Wookong_Serial_Control\Debug\link.6812-cvtres.read.1.tlog
C:\Users\Auron\Documents\Visual Studio 2012\Projects\Wookong_Serial_Control\Wookong_Serial_Control\Debug\link.6812-cvtres.write.1.tlog
C:\Users\Auron\Documents\Visual Studio 2012\Projects\Wookong_Serial_Control\Wookong_Serial_Control\Debug\link.6812-rc.read.1.tlog
C:\Users\Auron\Documents\Visual Studio 2012\Projects\Wookong_Serial_Control\Wookong_Serial_Control\Debug\link.6812-rc.write.1.tlog
C:\Users\Auron\Documents\Visual Studio 2012\Projects\Wookong_Serial_Control\Wookong_Serial_Control\Debug\link.6812.read.1.tlog
C:\Users\Auron\Documents\Visual Studio 2012\Projects\Wookong_Serial_Control\Wookong_Serial_Control\Debug\link.6812.write.1.tlog
C:\Users\Auron\Documents\Visual Studio 2012\Projects\Wookong_Serial_Control\Wookong_Serial_Control\Debug\link.8132-cvtres.read.1.tlog
C:\Users\Auron\Documents\Visual Studio 2012\Projects\Wookong_Serial_Control\Wookong_Serial_Control\Debug\link.8132-cvtres.write.1.tlog
C:\Users\Auron\Documents\Visual Studio 2012\Projects\Wookong_Serial_Control\Wookong_Serial_Control\Debug\link.8132-rc.read.1.tlog
C:\Users\Auron\Documents\Visual Studio 2012\Projects\Wookong_Serial_Control\Wookong_Serial_Control\Debug\link.8132-rc.write.1.tlog
C:\Users\Auron\Documents\Visual Studio 2012\Projects\Wookong_Serial_Control\Wookong_Serial_Control\Debug\link.8132.read.1.tlog
C:\Users\Auron\Documents\Visual Studio 2012\Projects\Wookong_Serial_Control\Wookong_Serial_Control\Debug\link.8132.write.1.tlog
C:\Users\Auron\Documents\Visual Studio 2012\Projects\Wookong_Serial_Control\Wookong_Serial_Control\Debug\link.8144-cvtres.read.1.tlog
C:\Users\Auron\Documents\Visual Studio 2012\Projects\Wookong_Serial_Control\Wookong_Serial_Control\Debug\link.8144-cvtres.write.1.tlog
C:\Users\Auron\Documents\Visual Studio 2012\Projects\Wookong_Serial_Control\Wookong_Serial_Control\Debug\link.8144-rc.read.1.tlog
C:\Users\Auron\Documents\Visual Studio 2012\Projects\Wookong_Serial_Control\Wookong_Serial_Control\Debug\link.8144-rc.write.1.tlog
C:\Users\Auron\Documents\Visual Studio 2012\Projects\Wookong_Serial_Control\Wookong_Serial_Control\Debug\link.8144.read.1.tlog
C:\Users\Auron\Documents\Visual Studio 2012\Projects\Wookong_Serial_Control\Wookong_Serial_Control\Debug\link.8144.write.1.tlog
C:\Users\Auron\Documents\Visual Studio 2012\Projects\Wookong_Serial_Control\Wookong_Serial_Control\Debug\link.command.1.tlog
C:\Users\Auron\Documents\Visual Studio 2012\Projects\Wookong_Serial_Control\Wookong_Serial_Control\Debug\link.read.1.tlog
C:\Users\Auron\Documents\Visual Studio 2012\Projects\Wookong_Serial_Control\Wookong_Serial_Control\Debug\link.write.1.tlog
C:\Users\Auron\Documents\Visual Studio 2012\Projects\Wookong_Serial_Control\Wookong_Serial_Control\Debug\vc110.idb
C:\Users\Auron\Documents\Visual Studio 2012\Projects\Wookong_Serial_Control\Wookong_Serial_Control\Debug\vc110.pdb
C:\Users\Auron\Documents\Visual Studio 2012\Projects\Wookong_Serial_Control\Debug\Wookong_Serial_Control.pdb
C:\Users\Auron\Documents\Visual Studio 2012\Projects\Wookong_Serial_Control\Debug\Wookong_Serial_Control.exe
C:\Users\Auron\Documents\Visual Studio 2012\Projects\Wookong_Serial_Control\Debug\Wookong_Serial_Control.ilk
